JobId=994421 JobName=labeling_weighted.sh
   UserId=bst080(4862) GroupId=butz(4032) MCS_label=N/A
   Priority=11377 Nice=0 Account=butz QOS=normal
   JobState=RUNNING Reason=None Dependency=(null)
   Requeue=1 Restarts=0 BatchFlag=1 Reboot=0 ExitCode=0:0
   RunTime=00:00:01 TimeLimit=30-00:00:00 TimeMin=N/A
   SubmitTime=2024-12-31T14:42:08 EligibleTime=2024-12-31T14:42:08
   AccrueTime=2024-12-31T14:42:08
   StartTime=2024-12-31T14:42:08 EndTime=2025-01-30T14:42:08 Deadline=N/A
   PreemptEligibleTime=2024-12-31T14:43:08 PreemptTime=None
   SuspendTime=None SecsPreSuspend=0 LastSchedEval=2024-12-31T14:42:08 Scheduler=Main
   Partition=cpu-galvani AllocNode:Sid=galvani-login:2059519
   ReqNodeList=(null) ExcNodeList=(null)
   NodeList=galvani-cn003
   BatchHost=galvani-cn003
   NumNodes=1 NumCPUs=8 NumTasks=1 CPUs/Task=8 ReqB:S:C:T=0:0:*:*
   ReqTRES=cpu=8,mem=50G,node=1,billing=1
   AllocTRES=cpu=8,mem=50G,node=1,billing=1
   Socks/Node=* NtasksPerN:B:S:C=0:0:*:* CoreSpec=*
   MinCPUsNode=8 MinMemoryNode=50G MinTmpDiskNode=0
   Features=(null) DelayBoot=00:00:00
   OverSubscribe=OK Contiguous=0 Licenses=(null) Network=(null)
   Command=/mnt/qb/home/butz/bst080/facetts-optimizer/data_labeling/labeling_weighted.sh
   WorkDir=/mnt/qb/home/butz/bst080/facetts-optimizer/data_labeling
   StdErr=/mnt/qb/home/butz/bst080/facetts-optimizer/data_labeling/weightednew-994421.err
   StdIn=/dev/null
   StdOut=/mnt/qb/home/butz/bst080/facetts-optimizer/data_labeling/weightednew-994421.out
   Power=
   

