JobId=1193137 JobName=labelingpretrain
   UserId=bst080(4862) GroupId=butz(4032) MCS_label=N/A
   Priority=13158 Nice=0 Account=butz QOS=normal
   JobState=RUNNING Reason=None Dependency=(null)
   Requeue=1 Restarts=0 BatchFlag=1 Reboot=0 ExitCode=0:0
   RunTime=00:00:01 TimeLimit=30-00:00:00 TimeMin=N/A
   SubmitTime=2025-03-05T14:37:01 EligibleTime=2025-03-05T14:37:01
   AccrueTime=2025-03-05T14:37:01
   StartTime=2025-03-05T14:37:01 EndTime=2025-04-04T15:37:01 Deadline=N/A
   PreemptEligibleTime=2025-03-05T14:38:01 PreemptTime=None
   SuspendTime=None SecsPreSuspend=0 LastSchedEval=2025-03-05T14:37:01 Scheduler=Main
   Partition=cpu-galvani AllocNode:Sid=galvani-slurmctl:3591087
   ReqNodeList=(null) ExcNodeList=(null)
   NodeList=galvani-cn001
   BatchHost=galvani-cn001
   NumNodes=1 NumCPUs=8 NumTasks=1 CPUs/Task=8 ReqB:S:C:T=0:0:*:*
   ReqTRES=cpu=8,mem=50G,node=1,billing=1
   AllocTRES=cpu=8,mem=50G,node=1,billing=1
   Socks/Node=* NtasksPerN:B:S:C=0:0:*:* CoreSpec=*
   MinCPUsNode=8 MinMemoryNode=50G MinTmpDiskNode=0
   Features=(null) DelayBoot=00:00:00
   OverSubscribe=OK Contiguous=0 Licenses=(null) Network=(null)
   Command=/mnt/qb/work/butz/bst080/faceGANtts/data/lrs2_preprocessing/labeling.sh
   WorkDir=/mnt/qb/work/butz/bst080/faceGANtts/data/lrs2_preprocessing
   StdErr=/mnt/qb/work/butz/bst080/faceGANtts/data/lrs2_preprocessing/labeling_pretrain-1193137.err
   StdIn=/dev/null
   StdOut=/mnt/qb/work/butz/bst080/faceGANtts/data/lrs2_preprocessing/labeling_pretrain-1193137.out
   Power=
   


[INFO] Total unique speakers across all datasets: 7741
[INFO] Total videos across all datasets: 24750

[INFO] Unique speakers in train: 7358
[INFO] Total videos in train: 23440

[INFO] Unique speakers in val: 311
[INFO] Total videos in val: 662

[INFO] Unique speakers in test: 371
[INFO] Total videos in test: 648


[INFO] Counting words in each split directory...
[INFO] Total words in train directory: 190523
[INFO] Total words in val directory:   5571
[INFO] Total words in test directory:  4027

